#
# A fatal error has been detected by the Java Runtime Environment:
#
#  Internal Error (javaClasses.cpp:129), pid=3664, tid=6120
#  fatal error: Invalid layout of preloaded class
#
# JRE version: 7.0_17-b02
# Java VM: Java HotSpot(TM) 64-Bit Server VM (23.7-b01 mixed mode windows-amd64 compressed oops)
# Failed to write core dump. Minidumps are not enabled by default on client versions of Windows
#
# If you would like to submit a bug report, please visit:
#   http://bugreport.sun.com/bugreport/crash.jsp
#

---------------  T H R E A D  ---------------

Current thread (0x0000000000c9d800):  JavaThread "Unknown thread" [_thread_in_vm, id=6120, stack(0x0000000002560000,0x0000000002660000)]

Stack: [0x0000000002560000,0x0000000002660000]

---------------  P R O C E S S  ---------------

Java Threads: ( => current thread )

Other Threads:

=>0x0000000000c9d800 (exited) JavaThread "Unknown thread" [_thread_in_vm, id=6120, stack(0x0000000002560000,0x0000000002660000)]

VM state:not at safepoint (not fully initialized)

VM Mutex/Monitor currently owned by a thread: None

GC Heap History (0 events):
No events

Deoptimization events (0 events):
No events

Internal exceptions (0 events):
No events

Events (10 events):
Event: 0.025 loading class 0x00000000029af7d0 done
Event: 0.025 loading class 0x00000000029af8f0 done
Event: 0.025 loading class 0x00000000029af590
Event: 0.026 loading class 0x00000000029eb630
Event: 0.026 loading class 0x00000000029eb630 done
Event: 0.026 loading class 0x00000000029eb730
Event: 0.026 loading class 0x00000000029eb730 done
Event: 0.026 loading class 0x0000000007eb1600
Event: 0.026 loading class 0x0000000007eb1600 done
Event: 0.026 loading class 0x00000000029af590 done


Dynamic libraries:
0x000007f6b89e0000 - 0x000007f6b8a13000 	C:\work\env\Java\jre7\bin\javaw.exe
0x000007fa79b80000 - 0x000007fa79d40000 	C:\Windows\SYSTEM32\ntdll.dll
0x000007fa78330000 - 0x000007fa78466000 	C:\Windows\system32\KERNEL32.DLL
0x000007fa77e40000 - 0x000007fa77f33000 	C:\Windows\system32\KERNELBASE.dll
0x000007fa78250000 - 0x000007fa7832e000 	C:\Windows\system32\ADVAPI32.dll
0x000007fa79a30000 - 0x000007fa79b7c000 	C:\Windows\system32\USER32.dll
0x000007fa73b20000 - 0x000007fa73d8a000 	C:\Windows\WinSxS\amd64_microsoft.windows.common-controls_6595b64144ccf1df_6.0.9200.16579_none_418ab7ef718b27ef\COMCTL32.dll
0x000007fa78fa0000 - 0x000007fa79045000 	C:\Windows\system32\msvcrt.dll
0x000007fa78e60000 - 0x000007fa78ea8000 	C:\Windows\SYSTEM32\sechost.dll
0x000007fa78900000 - 0x000007fa78a45000 	C:\Windows\system32\RPCRT4.dll
0x000007fa78470000 - 0x000007fa785b1000 	C:\Windows\system32\GDI32.dll
0x000007fa78610000 - 0x000007fa78649000 	C:\Windows\system32\IMM32.DLL
0x000007fa792c0000 - 0x000007fa793d5000 	C:\Windows\system32\MSCTF.dll
0x00000000584c0000 - 0x0000000058591000 	C:\work\env\Java\jre7\bin\msvcr100.dll
0x0000000057da0000 - 0x00000000584bf000 	C:\work\env\Java\jre7\bin\server\jvm.dll
0x000007fa72710000 - 0x000007fa72719000 	C:\Windows\SYSTEM32\WSOCK32.dll
0x000007fa6c8c0000 - 0x000007fa6c8e0000 	C:\Windows\SYSTEM32\WINMM.dll
0x000007fa795c0000 - 0x000007fa795c7000 	C:\Windows\system32\PSAPI.DLL
0x000007fa791f0000 - 0x000007fa79248000 	C:\Windows\system32\WS2_32.dll
0x000007fa6c640000 - 0x000007fa6c673000 	C:\Windows\SYSTEM32\WINMMBASE.dll
0x000007fa795b0000 - 0x000007fa795b9000 	C:\Windows\system32\NSI.dll
0x000007fa78020000 - 0x000007fa7806f000 	C:\Windows\SYSTEM32\cfgmgr32.dll
0x000007fa77f40000 - 0x000007fa77f62000 	C:\Windows\system32\DEVOBJ.dll
0x0000000057d90000 - 0x0000000057d9f000 	C:\work\env\Java\jre7\bin\verify.dll
0x0000000057d60000 - 0x0000000057d88000 	C:\work\env\Java\jre7\bin\java.dll
0x0000000057d40000 - 0x0000000057d55000 	C:\work\env\Java\jre7\bin\zip.dll

VM Arguments:
jvm_args: -Dfile.encoding=MS949 -Xbootclasspath:C:\work\env\adt\sdk\platforms\android-18\android.jar 
java_command: org.eclipse.jdt.internal.junit.runner.RemoteTestRunner -version 3 -port 54759 -testLoaderClass org.eclipse.jdt.internal.junit4.runner.JUnit4TestLoader -loaderpluginname org.eclipse.jdt.junit4.runtime -classNames com.freebz.tayopang.model.BoardTest
Launcher Type: SUN_STANDARD

Environment Variables:
PATH=C:\Program Files (x86)\Wizvera\Delfino;C:\Windows\system32;C:\Windows;C:\Windows\System32\Wbem;C:\Windows\System32\WindowsPowerShell\v1.0\;C:\work\env\Git\cmd;C:\Program Files (x86)\Windows Kits\8.0\Windows Performance Toolkit\;C:\work\env\Graphviz 2.28\bin;C:\work\env\nodejs\;C:\work\env\Ruby200-x64\bin;C:\work\env\clisp-2.49;C:\work\env\emacs-24.2\bin;C:\work\env\Java\jdk1.7.0_17\bin;C:\work\env\ghc-7.6.2\bin;C:\Users\Latitude\AppData\Roaming\npm;C:\work\env\scala-2.10.1\bin;C:\work\env\erl5.10.1\bin;
USERNAME=Latitude
OS=Windows_NT
PROCESSOR_IDENTIFIER=Intel64 Family 6 Model 15 Stepping 2, GenuineIntel



---------------  S Y S T E M  ---------------

OS: Windows 8 , 64 bit Build 9200 

CPU:total 2 (2 cores per cpu, 1 threads per core) family 6 model 15 stepping 2, cmov, cx8, fxsr, mmx, sse, sse2, sse3, ssse3, tsc

Memory: 4k page, physical 2881464k(1478336k free), swap 3733432k(1995916k free)

vm_info: Java HotSpot(TM) 64-Bit Server VM (23.7-b01) for windows-amd64 JRE (1.7.0_17-b02), built on Mar  1 2013 03:38:30 by "java_re" with unknown MS VC++:1600

time: Tue Sep 17 10:15:37 2013
elapsed time: 0 seconds

